2020/05/19 22:31:10.053  INFO  -  [http-nio-8083-exec-6] com.cg.capstore.service.AdminServiceImpl : Customer's Count returned
 2020/05/19 22:31:10.053  INFO  -  [http-nio-8083-exec-3] com.cg.capstore.service.AdminServiceImpl : Merchant's Count returned
 2020/05/19 22:31:10.241  INFO  -  [http-nio-8083-exec-4] com.cg.capstore.service.AdminServiceImpl : Today's Product Sales returned
 2020/05/19 22:31:10.651  INFO  -  [http-nio-8083-exec-8] com.cg.capstore.service.AdminServiceImpl : Today's Revenues returned
 2020/05/19 22:31:11.382  INFO  -  [http-nio-8083-exec-5] com.cg.capstore.service.AdminServiceImpl : Top Rated Merchants returned
 2020/05/19 22:31:15.922  INFO  -  [http-nio-8083-exec-9] com.cg.capstore.service.AdminServiceImpl : Trending Products returned
 2020/05/19 22:31:19.989  INFO  -  [http-nio-8083-exec-1] com.cg.capstore.service.AdminServiceImpl : Recent Orders returned
 2020/05/19 22:33:26.520  INFO  -  [http-nio-8083-exec-7] com.cg.capstore.service.AdminServiceImpl : Fetched all orders..!!
 2020/05/19 22:34:53.367  ERROR -  [http-nio-8083-exec-1] com.cg.capstore.service.AdminServiceImpl : Error while updating the order..!!
 2020/05/19 22:35:06.777  ERROR -  [http-nio-8083-exec-4] com.cg.capstore.service.AdminServiceImpl : Error while updating the order..!!
 2020/05/19 22:36:04.613  INFO  -  [http-nio-8083-exec-8] com.cg.capstore.service.AdminServiceImpl : Order updated..!!
 2020/05/19 22:37:31.667  INFO  -  [http-nio-8083-exec-10] com.cg.capstore.service.AdminServiceImpl : Fetched all orders..!!
 2020/05/19 22:38:16.894  ERROR -  [http-nio-8083-exec-5] com.cg.capstore.service.AdminServiceImpl : Error while updating the order..!!
 2020/05/19 22:38:32.958  ERROR -  [http-nio-8083-exec-1] com.cg.capstore.service.AdminServiceImpl : Error while updating the order..!!
 2020/05/19 22:39:07.035  INFO  -  [http-nio-8083-exec-4] com.cg.capstore.service.AdminServiceImpl : Order updated..!!
 2020/05/19 22:39:18.796  INFO  -  [http-nio-8083-exec-3] com.cg.capstore.service.AdminServiceImpl : Fetched all orders..!!
 2020/05/19 22:48:53.188  INFO  -  [http-nio-8083-exec-4] com.cg.capstore.service.AdminServiceImpl : Today's Product Sales returned
 2020/05/19 22:48:53.217  INFO  -  [http-nio-8083-exec-3] com.cg.capstore.service.AdminServiceImpl : Customer's Count returned
 2020/05/19 22:48:53.295  INFO  -  [http-nio-8083-exec-1] com.cg.capstore.service.AdminServiceImpl : Today's Revenues returned
 2020/05/19 22:48:53.491  INFO  -  [http-nio-8083-exec-10] com.cg.capstore.service.AdminServiceImpl : Merchant's Count returned
 2020/05/19 22:48:53.552  INFO  -  [http-nio-8083-exec-8] com.cg.capstore.service.AdminServiceImpl : Top Rated Merchants returned
 2020/05/19 22:48:55.208  INFO  -  [http-nio-8083-exec-2] com.cg.capstore.service.AdminServiceImpl : Trending Products returned
 2020/05/19 22:48:58.242  INFO  -  [http-nio-8083-exec-7] com.cg.capstore.service.AdminServiceImpl : Recent Orders returned
 2020/05/19 23:18:16.582  INFO  -  [http-nio-8083-exec-4] com.cg.capstore.service.AdminServiceImpl : Today's Revenues returned
 2020/05/19 23:18:16.776  INFO  -  [http-nio-8083-exec-6] com.cg.capstore.service.AdminServiceImpl : Customer's Count returned
 2020/05/19 23:18:16.787  INFO  -  [http-nio-8083-exec-1] com.cg.capstore.service.AdminServiceImpl : Merchant's Count returned
 2020/05/19 23:18:16.845  INFO  -  [http-nio-8083-exec-5] com.cg.capstore.service.AdminServiceImpl : Top Rated Merchants returned
 2020/05/19 23:18:16.962  INFO  -  [http-nio-8083-exec-2] com.cg.capstore.service.AdminServiceImpl : Today's Product Sales returned
 2020/05/19 23:18:17.618  INFO  -  [http-nio-8083-exec-9] com.cg.capstore.service.AdminServiceImpl : Trending Products returned
 2020/05/19 23:18:32.315  INFO  -  [http-nio-8083-exec-3] com.cg.capstore.service.AdminServiceImpl : Recent Orders returned
 